time="2022-02-28T23:20:23+08:00" level=trace msg="session port: 49245"
time="2022-02-28T23:20:23+08:00" level=trace msg="SELECT SQLITE_VERSION()" version=3.36.0
time="2022-02-28T23:20:23+08:00" level=trace msg="SELECT SQLITE_VERSION()" version=3.36.0
time="2022-02-28T23:20:23+08:00" level=trace msg="SELECT SQLITE_VERSION()" version=3.36.0
time="2022-02-28T23:20:23+08:00" level=trace msg="SELECT SQLITE_VERSION()" version=3.36.0
time="2022-02-28T23:20:23+08:00" level=warning msg="/Users/jenny/projects/yao-demo/plugins does not exists"
time="2022-02-28T23:20:23+08:00" level=warning msg="/Users/jenny/projects/yao-demo/charts does not exists"
time="2022-02-28T23:20:23+08:00" level=trace msg="load kanban error: /Users/jenny/projects/yao-demo/kanban does not exists "
time="2022-02-28T23:20:23+08:00" level=trace msg="load screen error: /Users/jenny/projects/yao-demo/screen does not exists"
time="2022-02-28T23:20:23+08:00" level=trace msg="load screen error: /Users/jenny/projects/yao-demo/pages does not exists"
time="2022-02-28T23:20:23+08:00" level=debug msg="DROP TABLE IF EXISTS `xiang_menu`"
time="2022-02-28T23:20:23+08:00" level=debug msg="SELECT `name` FROM `sqlite_master` WHERE type='table' AND name='xiang_menu'"
time="2022-02-28T23:20:23+08:00" level=debug msg="CREATE INDEX `xiang_menu_parent_index` ON `xiang_menu` (`parent`);\nCREATE INDEX `xiang_menu_name_index` ON `xiang_menu` (`name`);\nCREATE INDEX `xiang_menu_blocks_index` ON `xiang_menu` (`blocks`);\nCREATE INDEX `xiang_menu_visible_menu_index` ON `xiang_menu` (`visible_menu`);\nCREATE INDEX `xiang_menu_path_index` ON `xiang_menu` (`path`);\nCREATE INDEX `xiang_menu_rank_index` ON `xiang_menu` (`rank`);\nCREATE INDEX `xiang_menu_status_index` ON `xiang_menu` (`status`);\nCREATE INDEX `xiang_menu_created_at_index` ON `xiang_menu` (`created_at`);\nCREATE INDEX `xiang_menu_updated_at_index` ON `xiang_menu` (`updated_at`);\nCREATE INDEX `xiang_menu_deleted_at_index` ON `xiang_menu` (`deleted_at`)"
time="2022-02-28T23:20:23+08:00" level=debug msg="CREATE TABLE `xiang_menu` (\n`id` INTEGER PRIMARY KEY  AUTOINCREMENT,\n`parent` BIGINT NULL,\n`name` VARCHAR(200) NULL,\n`icon` VARCHAR(200) NULL,\n`blocks` BOOLEAN NOT NULL DEFAULT false,\n`visible_menu` BOOLEAN NOT NULL DEFAULT false,\n`path` VARCHAR(200) NULL,\n`rank` INTEGER NOT NULL DEFAULT 9999,\n`status` TEXT CHECK( `status` IN ('enabled','disabled') ) NOT NULL DEFAULT 'enabled',\n`deleted_at` TIMESTAMP(0) NULL,\n`created_at` TIMESTAMP(0) NULL,\n`updated_at` TIMESTAMP(0) NULL,\n`__restore_data` TEXT NULL\n)"
time="2022-02-28T23:20:23+08:00" level=debug msg="insert into `xiang_menu` (`path`, `icon`, `rank`, `status`, `visible_menu`, `blocks`, `created_at`, `name`) values (?,?,?,?,?,?,CURRENT_TIMESTAMP,?)" bindings="[/kanban icon-activity 1 enabled 0 1 数据看板]"
time="2022-02-28T23:20:23+08:00" level=debug msg="insert into `xiang_menu` (`icon`, `rank`, `status`, `visible_menu`, `blocks`, `created_at`, `name`, `path`) values (?,?,?,?,?,CURRENT_TIMESTAMP,?,?)" bindings="[icon-cloud 2 enabled 0 0 云服务库 /table/service]"
time="2022-02-28T23:20:23+08:00" level=debug msg="DROP TABLE IF EXISTS `xiang_workflow`"
time="2022-02-28T23:20:23+08:00" level=debug msg="SELECT `name` FROM `sqlite_master` WHERE type='table' AND name='xiang_workflow'"
time="2022-02-28T23:20:23+08:00" level=debug msg="CREATE INDEX `xiang_workflow_name_index` ON `xiang_workflow` (`name`);\nCREATE INDEX `xiang_workflow_data_id_index` ON `xiang_workflow` (`data_id`);\nCREATE INDEX `xiang_workflow_node_name_index` ON `xiang_workflow` (`node_name`);\nCREATE INDEX `xiang_workflow_node_status_index` ON `xiang_workflow` (`node_status`);\nCREATE INDEX `xiang_workflow_user_id_index` ON `xiang_workflow` (`user_id`);\nCREATE INDEX `xiang_workflow_user_ids_index` ON `xiang_workflow` (`user_ids`);\nCREATE INDEX `xiang_workflow_status_index` ON `xiang_workflow` (`status`);\nCREATE INDEX `xiang_workflow_created_at_index` ON `xiang_workflow` (`created_at`);\nCREATE INDEX `xiang_workflow_updated_at_index` ON `xiang_workflow` (`updated_at`);\nCREATE INDEX `xiang_workflow_deleted_at_index` ON `xiang_workflow` (`deleted_at`)"
time="2022-02-28T23:20:23+08:00" level=debug msg="CREATE TABLE `xiang_workflow` (\n`id` INTEGER PRIMARY KEY  AUTOINCREMENT,\n`name` VARCHAR(255) NULL,\n`data_id` BIGINT NULL,\n`node_name` VARCHAR(255) NULL,\n`node_status` TEXT CHECK( `node_status` IN ('未开始','进行中','已完成') ) NOT NULL DEFAULT '未开始',\n`user_id` BIGINT NULL,\n`user_ids` VARCHAR(255) NULL,\n`users` TEXT NULL,\n`input` TEXT NULL,\n`output` TEXT NULL,\n`history` TEXT NULL,\n`status` TEXT CHECK( `status` IN ('未开始','进行中','已完成','已关闭') ) NOT NULL DEFAULT '未开始',\n`deleted_at` TIMESTAMP(0) NULL,\n`created_at` TIMESTAMP(0) NULL,\n`updated_at` TIMESTAMP(0) NULL,\n`__restore_data` TEXT NULL\n)"
time="2022-02-28T23:20:23+08:00" level=debug msg="DROP TABLE IF EXISTS `xiang_user`"
time="2022-02-28T23:20:23+08:00" level=debug msg="SELECT `name` FROM `sqlite_master` WHERE type='table' AND name='xiang_user'"
time="2022-02-28T23:20:23+08:00" level=debug msg="CREATE INDEX `xiang_user_type_index` ON `xiang_user` (`type`);\nCREATE INDEX `xiang_user_email_index` ON `xiang_user` (`email`);\nCREATE INDEX `xiang_user_mobile_index` ON `xiang_user` (`mobile`);\nCREATE INDEX `xiang_user_password_index` ON `xiang_user` (`password`);\nCREATE INDEX `xiang_user_password2nd_index` ON `xiang_user` (`password2nd`);\nCREATE INDEX `xiang_user_name_index` ON `xiang_user` (`name`);\nCREATE INDEX `xiang_user_idcard_index` ON `xiang_user` (`idcard`);\nCREATE UNIQUE INDEX `xiang_user_key_unique` ON `xiang_user` (`key`);\nCREATE INDEX `xiang_user_secret_index` ON `xiang_user` (`secret`);\nCREATE INDEX `xiang_user_status_index` ON `xiang_user` (`status`);\nCREATE UNIQUE INDEX `xiang_user_type_email_unique` ON `xiang_user` (`type`,`email`);\nCREATE UNIQUE INDEX `xiang_user_type_mobile_unique` ON `xiang_user` (`type`,`mobile`);\nCREATE INDEX `xiang_user_created_at_index` ON `xiang_user` (`created_at`);\nCREATE INDEX `xiang_user_updated_at_index` ON `xiang_user` (`updated_at`);\nCREATE INDEX `xiang_user_deleted_at_index` ON `xiang_user` (`deleted_at`)"
time="2022-02-28T23:20:23+08:00" level=debug msg="CREATE TABLE `xiang_user` (\n`id` INTEGER PRIMARY KEY  AUTOINCREMENT,\n`type` TEXT CHECK( `type` IN ('admin','staff','user','robot') ) NOT NULL DEFAULT 'user',\n`email` VARCHAR(50) NULL,\n`mobile` VARCHAR(50) NULL,\n`password` VARCHAR(256) NULL,\n`password2nd` VARCHAR(256) NULL,\n`name` VARCHAR(80) NULL,\n`idcard` VARCHAR(256) NULL,\n`key` VARCHAR(256) NULL,\n`secret` VARCHAR(256) NULL,\n`extra` TEXT NULL,\n`status` TEXT CHECK( `status` IN ('enabled','disabled') ) NOT NULL DEFAULT 'enabled',\n`deleted_at` TIMESTAMP(0) NULL,\n`created_at` TIMESTAMP(0) NULL,\n`updated_at` TIMESTAMP(0) NULL,\n`__restore_data` TEXT NULL\n)"
time="2022-02-28T23:20:23+08:00" level=debug msg="insert into `xiang_user` (`email`, `password`, `key`, `secret`, `type`, `mobile`, `created_at`, `name`, `status`, `extra`) values (?,?,?,?,?,?,CURRENT_TIMESTAMP,?,?,?)" bindings="[xiang@iqka.com $2a$04$Gz.GMWqXSLBwN0KhDxi.K.ezwU7W5.SOCVo8JNi0UQ50R9s3aDdu6 8304925176 XMTdNRVigbgUiAPdiJCfaWgWcz2PaQXw admin <nil> 管理员 enabled {\"sex\":\"男\"}]"
time="2022-02-28T23:20:23+08:00" level=debug msg="insert into `xiang_user` (`secret`, `extra`, `type`, `password`, `key`, `email`, `status`, `mobile`, `created_at`, `name`) values (?,?,?,?,?,?,?,?,CURRENT_TIMESTAMP,?)" bindings="[<nil> {\"sex\":\"女\"} staff $2a$04$RQLHkfxGc6ysci4Vwa.6teMUY4ih3FlUU8XMCjvuhdGs.DoRBD/Nm <nil> staff@iqka.com enabled <nil> 员工]"
time="2022-02-28T23:20:23+08:00" level=debug msg="insert into `xiang_user` (`status`, `type`, `mobile`, `secret`, `extra`, `created_at`, `key`, `email`, `name`, `password`) values (?,?,?,?,?,CURRENT_TIMESTAMP,?,?,?,?)" bindings="[enabled user 13900001111 <nil> {\"sex\":\"女\"} <nil> <nil> 用户 $2a$04$NMB.5xkF3H71gM8zqqLsx.t3V9YDFvvJuBVMXqnx1U8nDqGEwdkUW]"
time="2022-02-28T23:20:23+08:00" level=debug msg="insert into `xiang_user` (`secret`, `extra`, `type`, `email`, `mobile`, `name`, `status`, `created_at`, `password`, `key`) values (?,?,?,?,?,?,?,CURRENT_TIMESTAMP,?,?)" bindings="[wBeYjL7FjbcvpAdBrxtDFfjydsoPKhRN {\"sex\":\"女\"} robot <nil> <nil> 机器人 enabled <nil> 3845196072]"
time="2022-02-28T23:20:23+08:00" level=debug msg="DROP TABLE IF EXISTS `pet`"
time="2022-02-28T23:20:23+08:00" level=debug msg="SELECT `name` FROM `sqlite_master` WHERE type='table' AND name='pet'"
time="2022-02-28T23:20:23+08:00" level=debug msg="CREATE UNIQUE INDEX `pet_sn_unique` ON `pet` (`sn`);\nCREATE INDEX `pet_name_index` ON `pet` (`name`);\nCREATE INDEX `pet_kind_index` ON `pet` (`kind`);\nCREATE INDEX `pet_created_at_index` ON `pet` (`created_at`);\nCREATE INDEX `pet_updated_at_index` ON `pet` (`updated_at`);\nCREATE INDEX `pet_deleted_at_index` ON `pet` (`deleted_at`)"
time="2022-02-28T23:20:23+08:00" level=debug msg="CREATE TABLE `pet` (\n`id` INTEGER PRIMARY KEY  AUTOINCREMENT,\n`sn` VARCHAR(200) NULL,\n`name` VARCHAR(200) NULL,\n`kind` TEXT CHECK( `kind` IN ('cat','dog') ) NOT NULL DEFAULT 'cat',\n`desc` VARCHAR(200) NULL,\n`deleted_at` TIMESTAMP(0) NULL,\n`created_at` TIMESTAMP(0) NULL,\n`updated_at` TIMESTAMP(0) NULL,\n`__restore_data` TEXT NULL\n)"
time="2022-02-28T23:20:23+08:00" level=debug msg="insert into `pet` (`sn`, `name`, `kind`, `desc`, `created_at`) values (?,?,?,?,CURRENT_TIMESTAMP)" bindings="[100001 Cookie cat a cat]"
time="2022-02-28T23:20:23+08:00" level=debug msg="insert into `pet` (`name`, `kind`, `desc`, `created_at`, `sn`) values (?,?,?,CURRENT_TIMESTAMP,?)" bindings="[Beibei dog a dog 100002]"
time="2022-02-28T23:20:29+08:00" level=trace msg="session port: 49249"
time="2022-02-28T23:20:29+08:00" level=trace msg="SELECT SQLITE_VERSION()" version=3.36.0
time="2022-02-28T23:20:29+08:00" level=trace msg="SELECT SQLITE_VERSION()" version=3.36.0
time="2022-02-28T23:20:29+08:00" level=trace msg="SELECT SQLITE_VERSION()" version=3.36.0
time="2022-02-28T23:20:29+08:00" level=trace msg="SELECT SQLITE_VERSION()" version=3.36.0
time="2022-02-28T23:20:29+08:00" level=warning msg="/Users/jenny/projects/yao-demo/plugins does not exists"
time="2022-02-28T23:20:29+08:00" level=warning msg="/Users/jenny/projects/yao-demo/charts does not exists"
time="2022-02-28T23:20:29+08:00" level=trace msg="load kanban error: /Users/jenny/projects/yao-demo/kanban does not exists "
time="2022-02-28T23:20:29+08:00" level=trace msg="load screen error: /Users/jenny/projects/yao-demo/screen does not exists"
time="2022-02-28T23:20:29+08:00" level=trace msg="load screen error: /Users/jenny/projects/yao-demo/pages does not exists"
time="2022-02-28T23:20:29+08:00" level=debug msg="insert into `xiang_menu` (`created_at`, `name`, `path`, `icon`, `rank`, `status`, `visible_menu`, `blocks`) values (CURRENT_TIMESTAMP,?,?,?,?,?,?,?)" bindings="[Pet /table/pet icon-github 1 enabled 0 0]"
time="2022-02-28T23:20:34+08:00" level=trace msg="session port: 49254"
time="2022-02-28T23:20:34+08:00" level=trace msg="SELECT SQLITE_VERSION()" version=3.36.0
time="2022-02-28T23:20:34+08:00" level=trace msg="SELECT SQLITE_VERSION()" version=3.36.0
time="2022-02-28T23:20:34+08:00" level=trace msg="SELECT SQLITE_VERSION()" version=3.36.0
time="2022-02-28T23:20:34+08:00" level=trace msg="SELECT SQLITE_VERSION()" version=3.36.0
time="2022-02-28T23:20:34+08:00" level=warning msg="/Users/jenny/projects/yao-demo/plugins does not exists"
time="2022-02-28T23:20:34+08:00" level=warning msg="/Users/jenny/projects/yao-demo/charts does not exists"
time="2022-02-28T23:20:34+08:00" level=trace msg="load kanban error: /Users/jenny/projects/yao-demo/kanban does not exists "
time="2022-02-28T23:20:34+08:00" level=trace msg="load screen error: /Users/jenny/projects/yao-demo/screen does not exists"
time="2022-02-28T23:20:34+08:00" level=trace msg="load screen error: /Users/jenny/projects/yao-demo/pages does not exists"
time="2022-02-28T23:20:34+08:00" level=trace msg="[INFO] Olric is ready to accept connections"
[GIN-debug] [WARNING] Creating an Engine instance with the Logger and Recovery middleware already attached.

[GIN-debug] [WARNING] Running in "debug" mode. Switch to "release" mode in production.
 - using env:	export GIN_MODE=release
 - using code:	gin.SetMode(gin.ReleaseMode)

[GIN-debug] GET    /api/xiang/table/:name/search --> github.com/yaoapp/gou.HTTP.Route.func1 (6 handlers)
[GIN-debug] GET    /api/xiang/table/:name/find/:id --> github.com/yaoapp/gou.HTTP.Route.func1 (6 handlers)
[GIN-debug] GET    /api/xiang/table/:name/select --> github.com/yaoapp/gou.HTTP.Route.func1 (6 handlers)
[GIN-debug] POST   /api/xiang/table/:name/save --> github.com/yaoapp/gou.HTTP.Route.func1 (6 handlers)
[GIN-debug] POST   /api/xiang/table/:name/quicksave --> github.com/yaoapp/gou.HTTP.Route.func1 (6 handlers)
[GIN-debug] POST   /api/xiang/table/:name/delete/:id --> github.com/yaoapp/gou.HTTP.Route.func1 (6 handlers)
[GIN-debug] POST   /api/xiang/table/:name/insert --> github.com/yaoapp/gou.HTTP.Route.func1 (6 handlers)
[GIN-debug] POST   /api/xiang/table/:name/delete/where --> github.com/yaoapp/gou.HTTP.Route.func1 (6 handlers)
[GIN-debug] POST   /api/xiang/table/:name/delete/in --> github.com/yaoapp/gou.HTTP.Route.func1 (6 handlers)
[GIN-debug] POST   /api/xiang/table/:name/update/where --> github.com/yaoapp/gou.HTTP.Route.func1 (6 handlers)
[GIN-debug] POST   /api/xiang/table/:name/update/in --> github.com/yaoapp/gou.HTTP.Route.func1 (6 handlers)
[GIN-debug] GET    /api/xiang/table/:name/setting --> github.com/yaoapp/gou.HTTP.Route.func1 (6 handlers)
[GIN-debug] GET    /api/xiang/user/captcha   --> github.com/yaoapp/gou.HTTP.Route.func1 (5 handlers)
[GIN-debug] POST   /api/xiang/user/login     --> github.com/yaoapp/gou.HTTP.Route.func1 (5 handlers)
[GIN-debug] POST   /api/xiang/user/token     --> github.com/yaoapp/gou.HTTP.Route.func1 (5 handlers)
[GIN-debug] GET    /api/xiang/user/menu      --> github.com/yaoapp/gou.HTTP.Route.func1 (6 handlers)
[GIN-debug] GET    /api/xiang/user/info      --> github.com/yaoapp/gou.HTTP.Route.func1 (6 handlers)
[GIN-debug] GET    /api/xiang/user/token/refresh --> github.com/yaoapp/gou.HTTP.Route.func1 (6 handlers)
[GIN-debug] GET    /api/demo/next            --> github.com/yaoapp/gou.HTTP.Route.func1 (5 handlers)
[GIN-debug] GET    /api/xiang/page/:name/data --> github.com/yaoapp/gou.HTTP.Route.func1 (6 handlers)
[GIN-debug] GET    /api/xiang/page/:name/setting --> github.com/yaoapp/gou.HTTP.Route.func1 (6 handlers)
[GIN-debug] GET    /api/xiang/ping           --> github.com/yaoapp/gou.HTTP.Route.func1 (5 handlers)
[GIN-debug] POST   /api/xiang/ping/post      --> github.com/yaoapp/gou.HTTP.Route.func1 (5 handlers)
[GIN-debug] GET    /api/xiang/inspect        --> github.com/yaoapp/gou.HTTP.Route.func1 (5 handlers)
[GIN-debug] GET    /api/xiang/menu           --> github.com/yaoapp/gou.HTTP.Route.func1 (6 handlers)
[GIN-debug] GET    /api/xiang/favicon.ico    --> github.com/yaoapp/gou.HTTP.Route.func1 (5 handlers)
[GIN-debug] GET    /api/xiang/chart/:name/data --> github.com/yaoapp/gou.HTTP.Route.func1 (6 handlers)
[GIN-debug] GET    /api/xiang/chart/:name/setting --> github.com/yaoapp/gou.HTTP.Route.func1 (6 handlers)
[GIN-debug] POST   /api/xiang/storage/upload --> github.com/yaoapp/gou.HTTP.Route.func1 (5 handlers)
[GIN-debug] GET    /api/xiang/storage/readfile --> github.com/yaoapp/gou.HTTP.Route.func1 (5 handlers)
[GIN-debug] GET    /api/xiang/storage/url    --> github.com/yaoapp/gou.HTTP.Route.func1 (5 handlers)
[GIN-debug] GET    /api/xiang/storage/token  --> github.com/yaoapp/gou.HTTP.Route.func1 (5 handlers)
[GIN-debug] POST   /api/xiang/import/:name   --> github.com/yaoapp/gou.HTTP.Route.func1 (6 handlers)
[GIN-debug] GET    /api/xiang/import/:name/setting --> github.com/yaoapp/gou.HTTP.Route.func1 (6 handlers)
[GIN-debug] POST   /api/xiang/import/:name/data --> github.com/yaoapp/gou.HTTP.Route.func1 (6 handlers)
[GIN-debug] GET    /api/xiang/import/:name/data/setting --> github.com/yaoapp/gou.HTTP.Route.func1 (6 handlers)
[GIN-debug] GET    /api/xiang/import/:name/mapping --> github.com/yaoapp/gou.HTTP.Route.func1 (6 handlers)
[GIN-debug] GET    /api/xiang/import/:name/mapping/setting --> github.com/yaoapp/gou.HTTP.Route.func1 (6 handlers)
[GIN] 2022/02/28 - 23:20:56 | 200 |    8.066252ms |             ::1 | GET      "/xiang/login/admin"
[GIN] 2022/02/28 - 23:20:56 | 200 |     361.024µs |             ::1 | GET      "/xiang/icon/md_icon.css"
[GIN] 2022/02/28 - 23:20:56 | 200 |    1.622271ms |             ::1 | GET      "/xiang/umi.fdfe128b.css"
[GIN] 2022/02/28 - 23:20:56 | 200 |   36.881459ms |             ::1 | GET      "/xiang/umi.18db6052.js"
[GIN] 2022/02/28 - 23:20:56 | 200 |     933.591µs |             ::1 | GET      "/xiang/3475.a38e0887.chunk.css"
[GIN] 2022/02/28 - 23:20:56 | 200 |     464.874µs |             ::1 | GET      "/xiang/layouts__index.65e119e7.chunk.css"
[GIN] 2022/02/28 - 23:20:56 | 200 |    2.218176ms |             ::1 | GET      "/xiang/layouts__index.e18bc6c2.async.js"
[GIN] 2022/02/28 - 23:20:56 | 200 |   19.581555ms |             ::1 | GET      "/xiang/vendors.59b6ec8a.async.js"
time="2022-02-28T23:20:56+08:00" level=debug msg="图形/音频 ID:KFs09bmxUMSzcbqMzBS7 验证码:68095"
[GIN] 2022/02/28 - 23:20:56 | 200 |    3.449165ms |             ::1 | GET      "/api/xiang/user/captcha?type=digit"
[GIN] 2022/02/28 - 23:20:56 | 200 |    3.023734ms |             ::1 | GET      "/api/xiang/inspect"
[GIN] 2022/02/28 - 23:20:56 | 200 |     546.785µs |             ::1 | GET      "/xiang/p__login__admin__index.f910eb38.chunk.css"
[GIN] 2022/02/28 - 23:20:56 | 200 |     392.789µs |             ::1 | GET      "/xiang/p__login__admin__index.4737f4e8.async.js"
[GIN] 2022/02/28 - 23:20:56 | 200 |    2.084689ms |             ::1 | GET      "/xiang/static/bg_login_admin.501b2915.svg"
[GIN] 2022/02/28 - 23:20:57 | 200 |     4.37277ms |             ::1 | GET      "/xiang/icon/md_icon_outline.otf"
[GIN] 2022/02/28 - 23:20:57 | 200 |     200.804µs |             ::1 | GET      "/api/xiang/favicon.ico"
time="2022-02-28T23:21:27+08:00" level=debug msg=ProcessLogin payload="map[captcha:map[code:68095 id:KFs09bmxUMSzcbqMzBS7] captcha.code:68095 captcha.id:KFs09bmxUMSzcbqMzBS7 email:xiang@iqka.com password:A123456p+]"
time="2022-02-28T23:21:27+08:00" level=trace msg="QueryStack run()" bindings="[xiang@iqka.com enabled]" sql="select `xiang_user`.`id` as `xiang_user_id`, `xiang_user`.`password` as `xiang_user_password`, `xiang_user`.`name` as `xiang_user_name`, `xiang_user`.`type` as `xiang_user_type`, `xiang_user`.`email` as `xiang_user_email`, `xiang_user`.`mobile` as `xiang_user_mobile`, `xiang_user`.`extra` as `xiang_user_extra` from `xiang_user` as `xiang_user` where `xiang_user`.`email` = ? and `xiang_user`.`status` = ? and `xiang_user`.`deleted_at` is null limit 1"
time="2022-02-28T23:21:27+08:00" level=trace msg="QueryStack run()" bindings="[enabled]" sql="select `xiang_menu`.`id` as `xiang_menu_id`, `xiang_menu`.`name` as `xiang_menu_name`, `xiang_menu`.`icon` as `xiang_menu_icon`, `xiang_menu`.`parent` as `xiang_menu_parent`, `xiang_menu`.`path` as `xiang_menu_path`, `xiang_menu`.`blocks` as `xiang_menu_blocks`, `xiang_menu`.`visible_menu` as `xiang_menu_visible_menu` from `xiang_menu` as `xiang_menu` where `xiang_menu`.`status` = ? and `xiang_menu`.`parent` is null and `xiang_menu`.`deleted_at` is null order by `xiang_menu`.`rank` asc limit 200"
[GIN] 2022/02/28 - 23:21:27 | 200 |    6.147471ms |             ::1 | POST     "/api/xiang/user/login"
[GIN] 2022/02/28 - 23:21:28 | 200 |     702.193µs |             ::1 | GET      "/xiang/156.af090f5a.chunk.css"
[GIN] 2022/02/28 - 23:21:28 | 200 |    1.225448ms |             ::1 | GET      "/xiang/icon/fa_icon.woff"
[GIN] 2022/02/28 - 23:21:28 | 200 |     356.488µs |             ::1 | GET      "/xiang/4825.d25686a3.async.js"
[GIN] 2022/02/28 - 23:21:28 | 200 |     592.777µs |             ::1 | GET      "/xiang/4832.ddc83db9.chunk.css"
[GIN] 2022/02/28 - 23:21:28 | 200 |     501.894µs |             ::1 | GET      "/xiang/p__table__name.5abf9aaf.async.js"
[GIN] 2022/02/28 - 23:21:28 | 200 |     219.163µs |             ::1 | GET      "/xiang/p__table__name.260e904d.chunk.css"
time="2022-02-28T23:21:28+08:00" level=trace msg="GetQueryParam Entry" sid="FRFmNL-eMT8SvrHKkVy0zB69dhMxkTWmf_bkVWXLRt4="
time="2022-02-28T23:21:28+08:00" level=trace msg="GetQueryParam Session Data" data="map[issuer:xiang user_id:1]"
time="2022-02-28T23:21:28+08:00" level=trace msg="==== ProcessSearch =============  SID: FRFmNL-eMT8SvrHKkVy0zB69dhMxkTWmf_bkVWXLRt4=" param="{    [] [] [{ created_at desc}] 0 0 0 map[]}"
[GIN] 2022/02/28 - 23:21:28 | 200 |    4.776626ms |             ::1 | GET      "/api/xiang/table/pet/search"
[GIN] 2022/02/28 - 23:21:28 | 200 |     526.504µs |             ::1 | GET      "/api/xiang/table/pet/setting"
[GIN] 2022/02/28 - 23:21:28 | 200 |    2.524269ms |             ::1 | GET      "/xiang/1922.7c80022b.async.js"
[GIN] 2022/02/28 - 23:21:28 | 200 |     415.327µs |             ::1 | GET      "/xiang/1922.4a9b36fb.chunk.css"
[GIN] 2022/02/28 - 23:21:28 | 200 |     148.791µs |             ::1 | GET      "/xiang/7446.bed93ebc.async.js"
time="2022-02-28T23:21:32+08:00" level=debug msg=flows.xiang.admin.guard args="[]"
time="2022-02-28T23:21:32+08:00" level=trace msg="GetQueryParam Entry" sid="FRFmNL-eMT8SvrHKkVy0zB69dhMxkTWmf_bkVWXLRt4="
time="2022-02-28T23:21:32+08:00" level=trace msg="GetQueryParam Session Data" data="map[issuer:xiang user_id:1]"
time="2022-02-28T23:21:32+08:00" level=trace msg="==== ProcessSearch =============  SID: FRFmNL-eMT8SvrHKkVy0zB69dhMxkTWmf_bkVWXLRt4=" param="{    [id name type mobile email] [] [] 0 0 0 map[]}"
[GIN] 2022/02/28 - 23:21:32 | 200 |    2.619012ms |             ::1 | GET      "/api/xiang/table/xiang.user/search"
time="2022-02-28T23:21:32+08:00" level=debug msg=flows.xiang.admin.guard args="[]"
[GIN] 2022/02/28 - 23:21:32 | 200 |     711.779µs |             ::1 | GET      "/api/xiang/table/xiang.user/setting"
time="2022-02-28T23:21:35+08:00" level=trace msg="GetQueryParam Entry" sid="FRFmNL-eMT8SvrHKkVy0zB69dhMxkTWmf_bkVWXLRt4="
time="2022-02-28T23:21:35+08:00" level=trace msg="GetQueryParam Session Data" data="map[issuer:xiang user_id:1]"
time="2022-02-28T23:21:35+08:00" level=trace msg="==== ProcessSearch =============  SID: FRFmNL-eMT8SvrHKkVy0zB69dhMxkTWmf_bkVWXLRt4=" param="{    [] [] [{ created_at desc}] 0 0 0 map[]}"
[GIN] 2022/02/28 - 23:21:35 | 200 |    3.588215ms |             ::1 | GET      "/api/xiang/table/pet/search"
[GIN] 2022/02/28 - 23:21:35 | 200 |     250.335µs |             ::1 | GET      "/api/xiang/table/pet/setting"
time="2022-02-28T23:21:36+08:00" level=debug msg=flows.xiang.admin.guard args="[]"
time="2022-02-28T23:21:36+08:00" level=trace msg="GetQueryParam Entry" sid="FRFmNL-eMT8SvrHKkVy0zB69dhMxkTWmf_bkVWXLRt4="
time="2022-02-28T23:21:36+08:00" level=debug msg=flows.xiang.admin.guard args="[]"
time="2022-02-28T23:21:36+08:00" level=trace msg="GetQueryParam Session Data" data="map[issuer:xiang user_id:1]"
[GIN] 2022/02/28 - 23:21:36 | 200 |      689.05µs |             ::1 | GET      "/api/xiang/table/xiang.menu/setting"
time="2022-02-28T23:21:36+08:00" level=trace msg="==== ProcessSearch =============  SID: FRFmNL-eMT8SvrHKkVy0zB69dhMxkTWmf_bkVWXLRt4=" param="{    [] [{ parent <nil>  null []}] [] 0 0 0 map[children:{ {    [name id] [] [] 0 0 0 map[]}}]}"
[GIN] 2022/02/28 - 23:21:36 | 200 |    4.305956ms |             ::1 | GET      "/api/xiang/table/xiang.menu/search"
[GIN] 2022/02/28 - 23:21:40 | 200 |     499.024µs |             ::1 | GET      "/xiang/p__form__name__id.83ec70cb.async.js"
[GIN] 2022/02/28 - 23:21:40 | 200 |     285.287µs |             ::1 | GET      "/xiang/p__form__name__id.7a6f5075.chunk.css"
time="2022-02-28T23:21:40+08:00" level=debug msg=flows.xiang.admin.guard args="[]"
[GIN] 2022/02/28 - 23:21:40 | 200 |     619.354µs |             ::1 | GET      "/api/xiang/table/xiang.menu/setting"
[GIN] 2022/02/28 - 23:21:40 | 200 |     268.298µs |             ::1 | GET      "/xiang/7531.f2137879.chunk.css"
[GIN] 2022/02/28 - 23:21:40 | 200 |     138.097µs |             ::1 | GET      "/xiang/7531.3008aee2.async.js"
